<?xml version="1.0" encoding="UTF-8"?>
<testng-results skipped="0" failed="0" ignored="0" total="1" passed="1">
  <reporter-output>
  </reporter-output>
  <suite name="Default suite" duration-ms="10904" started-at="2020-09-12T13:38:20Z" finished-at="2020-09-12T13:38:30Z">
    <groups>
    </groups>
    <test name="Default test" duration-ms="10904" started-at="2020-09-12T13:38:20Z" finished-at="2020-09-12T13:38:30Z">
      <class name="test.NewTest">
        <test-method status="PASS" signature="openBrowser()[pri:0, instance:test.NewTest@343f4d3d]" name="openBrowser" duration-ms="10553" started-at="2020-09-12T13:38:20Z" finished-at="2020-09-12T13:38:30Z">
          <reporter-output>
          </reporter-output>
        </test-method> <!-- openBrowser -->
      </class> <!-- test.NewTest -->
    </test> <!-- Default test -->
  </suite> <!-- Default suite -->
</testng-results>
